> Task :gradle-plugin:compileKotlin UP-TO-DATE
> Task :gradle-plugin:compileJava NO-SOURCE
> Task :gradle-plugin:pluginDescriptors UP-TO-DATE
> Task :gradle-plugin:processResources UP-TO-DATE
> Task :gradle-plugin:classes UP-TO-DATE
> Task :gradle-plugin:jar UP-TO-DATE
> Task :gradle-plugin:inspectClassesForKotlinIC UP-TO-DATE

FAILURE: Build failed with an exception.

* Where:
Build file '/Users/dmitrytsymlyakov/AndroidStudioProjects/FoodHub/node_modules/expo-linear-gradient/android/build.gradle' line: 3

* What went wrong:
Plugin [id: 'expo-module-gradle-plugin'] was not found in any of the following sources:

- Gradle Core Plugins (not a core plugin. For more available plugins, please refer to https://docs.gradle.org/8.3/userguide/plugin_reference.html in the Gradle documentation.)
- Included Builds (None of the included builds contain this plugin)
- Plugin Repositories (plugin dependency must include a version number for this source)

* Try:
> Run with --stacktrace option to get the stack trace.
> Run with --info or --debug option to get more log output.
> Run with --scan to get full insights.
> Get more help at https://help.gradle.org.

BUILD FAILED in 23s
5 actionable tasks: 5 up-to-date
