Downloading https://services.gradle.org/distributions/gradle-8.10.2-all.zip
.....................10%......................20%......................30%.....................40%......................50%......................60%......................70%.....................80%......................90%......................100%

Welcome to Gradle 8.10.2!

Here are the highlights of this release:
 - Support for Java 23
 - Faster configuration cache
 - Better configuration cache reports

For more details see https://docs.gradle.org/8.10.2/release-notes.html

Starting a Gradle Daemon (subsequent builds will be faster)

> Configure project :gradle-plugin
e: file:///Users/dmitrytsymlyakov/AndroidStudioProjects/FoodHub/node_modules/@react-native/gradle-plugin/build.gradle.kts:10:49: Unresolved reference: serviceOf
e: file:///Users/dmitrytsymlyakov/AndroidStudioProjects/FoodHub/node_modules/@react-native/gradle-plugin/build.gradle.kts:54:11: Unresolved reference: serviceOf

FAILURE: Build failed with an exception.

* Where:
Build file '/Users/dmitrytsymlyakov/AndroidStudioProjects/FoodHub/node_modules/@react-native/gradle-plugin/build.gradle.kts' line: 10

* What went wrong:
Script compilation errors:

  Line 10: import org.gradle.configurationcache.extensions.serviceOf
                                                           ^ Unresolved reference: serviceOf

  Line 54:           serviceOf<ModuleRegistry>()
                     ^ Unresolved reference: serviceOf

2 errors

* Try:
> Run with --stacktrace option to get the stack trace.
> Run with --info or --debug option to get more log output.
> Run with --scan to get full insights.
> Get more help at https://help.gradle.org.

Deprecated Gradle features were used in this build, making it incompatible with Gradle 9.0.

You can use '--warning-mode all' to show the individual deprecation warnings and determine if they come from your own scripts or plugins.

For more on this, please refer to https://docs.gradle.org/8.10.2/userguide/command_line_interface.html#sec:command_line_warnings in the Gradle documentation.

BUILD FAILED in 4m 2s
