› Opening emulator Medium_Phone_API_36.1
› Building app...
Configuration on demand is an incubating feature.
> Task :gradle-plugin:compileKotlin UP-TO-DATE
> Task :gradle-plugin:compileJava NO-SOURCE
> Task :gradle-plugin:pluginDescriptors UP-TO-DATE
> Task :gradle-plugin:processResources UP-TO-DATE
> Task :gradle-plugin:classes UP-TO-DATE
> Task :gradle-plugin:jar UP-TO-DATE
> Task :gradle-plugin:inspectClassesForKotlinIC UP-TO-DATE
package.xml parsing problem. unexpected element (uri:"", local:"abis"). Expected elements are <{}vendor>,<{}codename>,<{}base-extension>,<{}abi>,<{}api-level>,<{}extension-level>,<{}tag>
package.xml parsing problem. unexpected element (uri:"", local:"translatedAbis"). Expected elements are <{}vendor>,<{}codename>,<{}base-extension>,<{}abi>,<{}api-level>,<{}extension-level>,<{}tag>
Checking the license for package Android SDK Build-Tools 34 in /Users/dmitrytsymlyakov/Library/Android/sdk/licenses
License for package Android SDK Build-Tools 34 accepted.
Preparing "Install Android SDK Build-Tools 34 v.34.0.0".
"Install Android SDK Build-Tools 34 v.34.0.0" ready.
Installing Android SDK Build-Tools 34 in /Users/dmitrytsymlyakov/Library/Android/sdk/build-tools/34.0.0
"Install Android SDK Build-Tools 34 v.34.0.0" complete.
"Install Android SDK Build-Tools 34 v.34.0.0" finished.
package.xml parsing problem. unexpected element (uri:"", local:"abis"). Expected elements are <{}vendor>,<{}codename>,<{}base-extension>,<{}abi>,<{}api-level>,<{}extension-level>,<{}tag>
package.xml parsing problem. Errors limit exceeded. To receive all errors set com.sun.xml.bind logger to FINEST level.
package.xml parsing problem. unexpected element (uri:"", local:"translatedAbis"). Expected elements are <{}vendor>,<{}codename>,<{}base-extension>,<{}abi>,<{}api-level>,<{}extension-level>,<{}tag>

FAILURE: Build failed with an exception.

* Where:
Script '/Users/dmitrytsymlyakov/AndroidStudioProjects/FoodHub/node_modules/expo-modules-autolinking/scripts/android/autolinking_implementation.gradle' line: 377

* What went wrong:
A problem occurred evaluating project ':expo'.
> A problem occurred configuring project ':expo-modules-core'.
   > [CXX1101] NDK at /Users/dmitrytsymlyakov/Library/Android/sdk/ndk/25.1.8937393 did not have a source.properties file

* Try:
> Run with --stacktrace option to get the stack trace.
> Run with --info or --debug option to get more log output.
> Run with --scan to get full insights.
> Get more help at https://help.gradle.org.

Deprecated Gradle features were used in this build, making it incompatible with Gradle 9.0.

You can use '--warning-mode all' to show the individual deprecation warnings and determine if they come from your own scripts or plugins.

For more on this, please refer to https://docs.gradle.org/8.3/userguide/command_line_interface.html#sec:command_line_warnings in the Gradle documentation.

BUILD FAILED in 48s
5 actionable tasks: 5 up-to-date
Error: /Users/dmitrytsymlyakov/AndroidStudioProjects/FoodHub/android/gradlew exited with non-zero code: 1
Error: /Users/dmitrytsymlyakov/AndroidStudioProjects/FoodHub/android/gradlew exited with non-zero code: 1
    at ChildProcess.completionListener (/Users/dmitrytsymlyakov/AndroidStudioProjects/FoodHub/node_modules/@expo/spawn-async/build/spawnAsync.js:52:23)
    at Object.onceWrapper (node:events:623:26)
    at ChildProcess.emit (node:events:508:28)
    at maybeClose (node:internal/child_process:1085:16)
    at ChildProcess._handle.onexit (node:internal/child_process:304:5)
    ...
    at Object.spawnAsync [as default] (/Users/dmitrytsymlyakov/AndroidStudioProjects/FoodHub/node_modules/@expo/spawn-async/build/spawnAsync.js:17:21)
    at spawnGradleAsync (/Users/dmitrytsymlyakov/AndroidStudioProjects/FoodHub/node_modules/@expo/cli/build/src/start/platforms/android/gradle.js:72:46)
    at Object.assembleAsync (/Users/dmitrytsymlyakov/AndroidStudioProjects/FoodHub/node_modules/@expo/cli/build/src/start/platforms/android/gradle.js:52:18)
    at runAndroidAsync (/Users/dmitrytsymlyakov/AndroidStudioProjects/FoodHub/node_modules/@expo/cli/build/src/run/android/runAndroidAsync.js:36:24)
