> Task :gradle-plugin:compileKotlin UP-TO-DATE
> Task :gradle-plugin:compileJava NO-SOURCE
> Task :gradle-plugin:pluginDescriptors UP-TO-DATE
> Task :gradle-plugin:processResources UP-TO-DATE
> Task :gradle-plugin:classes UP-TO-DATE
> Task :gradle-plugin:jar UP-TO-DATE
> Task :gradle-plugin:inspectClassesForKotlinIC UP-TO-DATE

FAILURE: Build failed with an exception.

* Where:
Script '/Users/dmitrytsymlyakov/AndroidStudioProjects/FoodHub/node_modules/expo-modules-autolinking/scripts/android/autolinking_implementation.gradle' line: 377

* What went wrong:
A problem occurred evaluating project ':expo'.
> A problem occurred configuring project ':expo-modules-core'.
   > [CXX1101] NDK at /Users/dmitrytsymlyakov/Library/Android/sdk/ndk/25.1.8937393 did not have a source.properties file

* Try:
> Run with --stacktrace option to get the stack trace.
> Run with --info or --debug option to get more log output.
> Run with --scan to get full insights.
> Get more help at https://help.gradle.org.

BUILD FAILED in 12s
5 actionable tasks: 5 up-to-date
