info Launching emulator...
info Successfully launched emulator.
info Installing the app...
> Task :gradle-plugin:compileKotlin UP-TO-DATE
> Task :gradle-plugin:compileJava NO-SOURCE
> Task :gradle-plugin:pluginDescriptors UP-TO-DATE
> Task :gradle-plugin:processResources UP-TO-DATE
> Task :gradle-plugin:classes UP-TO-DATE
> Task :gradle-plugin:jar UP-TO-DATE
> Task :gradle-plugin:inspectClassesForKotlinIC UP-TO-DATE
5 actionable tasks: 5 up-to-date

info ðŸ’¡ Tip: Make sure that you have set up your development environment correctly, by running npx react-native doctor. To read more about doctor command visit: https://github.com/react-native-community/cli/blob/main/packages/cli-doctor/README.md#doctor 


FAILURE: Build completed with 2 failures.

1: Task failed with an exception.
-----------
* Where:
Build file '/Users/dmitrytsymlyakov/AndroidStudioProjects/FoodHub/node_modules/expo/android/build.gradle' line: 8

* What went wrong:
A problem occurred evaluating project ':expo'.
> Project with path ':expo-modules-core' could not be found in project ':expo'.

* Try:
> Run with --stacktrace option to get the stack trace.
> Run with --info or --debug option to get more log output.
> Run with --scan to get full insights.
> Get more help at https://help.gradle.org.
==============================================================================

2: Task failed with an exception.
-----------
* What went wrong:
A problem occurred configuring project ':expo'.
> compileSdkVersion is not specified. Please add it to build.gradle

* Try:
> Run with --stacktrace option to get the stack trace.
> Run with --info or --debug option to get more log output.
> Run with --scan to get full insights.
> Get more help at https://help.gradle.org.
==============================================================================

BUILD FAILED in 9s
error Failed to install the app. Command failed with exit code 1: ./gradlew app:installRelease -PreactNativeDevServerPort=8081 FAILURE: Build completed with 2 failures. 1: Task failed with an exception.
-----------
* Where:
Build file '/Users/dmitrytsymlyakov/AndroidStudioProjects/FoodHub/node_modules/expo/android/build.gradle' line: 8 * What went wrong:
A problem occurred evaluating project ':expo'.
> Project with path ':expo-modules-core' could not be found in project ':expo'. * Try:
> Run with --stacktrace option to get the stack trace.
> Run with --info or --debug option to get more log output.
> Run with --scan to get full insights.
> Get more help at https://help.gradle.org.
============================================================================== 2: Task failed with an exception.
-----------
* What went wrong:
A problem occurred configuring project ':expo'.
> compileSdkVersion is not specified. Please add it to build.gradle * Try:
> Run with --stacktrace option to get the stack trace.
> Run with --info or --debug option to get more log output.
> Run with --scan to get full insights.
> Get more help at https://help.gradle.org.
============================================================================== BUILD FAILED in 9s.
info Run CLI with --verbose flag for more details.
